{"name": "test_file_search_by_type[resolution0-chrome]", "status": "broken", "statusDetails": {"message": "selenium.common.exceptions.TimeoutException: Message: \nStacktrace:\n\tGetHandleVerifier [0x0x7ff694d1fea5+79173]\n\tGetHandleVerifier [0x0x7ff694d1ff00+79264]\n\t(No symbol) [0x0x7ff694ad9e5a]\n\t(No symbol) [0x0x7ff694b30586]\n\t(No symbol) [0x0x7ff694b3083c]\n\t(No symbol) [0x0x7ff694b84247]\n\t(No symbol) [0x0x7ff694b589af]\n\t(No symbol) [0x0x7ff694b8100d]\n\t(No symbol) [0x0x7ff694b58743]\n\t(No symbol) [0x0x7ff694b214c1]\n\t(No symbol) [0x0x7ff694b22253]\n\tGetHandleVerifier [0x0x7ff694fea2dd+3004797]\n\tGetHandleVerifier [0x0x7ff694fe472d+2981325]\n\tGetHandleVerifier [0x0x7ff695003380+3107360]\n\tGetHandleVerifier [0x0x7ff694d3aa2e+188622]\n\tGetHandleVerifier [0x0x7ff694d422bf+219487]\n\tGetHandleVerifier [0x0x7ff694d28df4+115860]\n\tGetHandleVerifier [0x0x7ff694d28fa9+116297]\n\tGetHandleVerifier [0x0x7ff694d0f558+11256]\n\tBaseThreadInitThunk [0x0x7ffda8bf7374+20]\n\tRtlUserThreadStart [0x0x7ffdaa1fcc91+33]", "trace": "driver = <selenium.webdriver.chrome.webdriver.WebDriver (session=\"f4316f5354221fdf207b79c652e3fdeb\")>\nlogin = None\n\n    @pytest.fixture(scope=\"module\")\n    def navigate_to_approval(driver, login):\n        \"\"\"导航到审批页面\"\"\"\n        window_size = driver.get_window_size()\n        width, height = window_size[\"width\"], window_size[\"height\"]\n        wait = WebDriverWait(driver, 10)\n        wait = WebDriverWait(driver, 10)\n        try:\n            wait.until(EC.element_to_be_clickable((By.XPATH, '//*[@id=\"app\"]/div/div[1]/div[2]/ul/li[1]'))).click()\n            if width==1366:\n                wait.until(EC.element_to_be_clickable((By.XPATH, '//*[@id=\"app\"]/div/div[1]/div[2]/div/i'))).click()\n            wait.until(EC.element_to_be_clickable((By.XPATH, '//*[@id=\"app\"]/div/div[2]/div/div[1]/div/ul/div/li/div'))).click()\n            wait.until(EC.element_to_be_clickable((By.XPATH, '//*[@id=\"app\"]/div/div[2]/div/div[1]/div/ul/div/li/ul/div/li/div'))).click()\n            wait.until(EC.element_to_be_clickable((By.XPATH,'//*[@id=\"app\"]/div/div[2]/div/div[1]/div/ul/div/li/ul/div/li/ul/div[1]/a/li/span'))).click()\n    \n            # 验证页面加载\n            title = wait.until(EC.presence_of_element_located(\n                (By.XPATH, '//*[@id=\"app\"]/div/div[3]/section/div/div/div[1]/div[1]/span[1]')))\n            if title.text !=\"我的审批\":\n                highlight_element(driver,title)\n                allure.attach(driver.get_screenshot_as_png(), name=\"导航到审批页面失败截图\",attachment_type=allure.attachment_type.PNG)\n                reset_element(driver,title)\n            assert title.text == \"我的审批\"\n        except Exception as e:\n            # 截图并附加到 Allure 报告\n    \n>           raise e\n\ntest_我的审批.py:153: \n_ _ _ _ _ _ _ _ _ _ _ _ _ _ _ _ _ _ _ _ _ _ _ _ _ _ _ _ _ _ _ _ _ _ _ _ _ _ _ _\ntest_我的审批.py:138: in navigate_to_approval\n    wait.until(EC.element_to_be_clickable((By.XPATH, '//*[@id=\"app\"]/div/div[2]/div/div[1]/div/ul/div/li/div'))).click()\n    ^^^^^^^^^^^^^^^^^^^^^^^^^^^^^^^^^^^^^^^^^^^^^^^^^^^^^^^^^^^^^^^^^^^^^^^^^^^^^^^^^^^^^^^^^^^^^^^^^^^^^^^^^^^^\n_ _ _ _ _ _ _ _ _ _ _ _ _ _ _ _ _ _ _ _ _ _ _ _ _ _ _ _ _ _ _ _ _ _ _ _ _ _ _ _\n\nself = <selenium.webdriver.support.wait.WebDriverWait (session=\"f4316f5354221fdf207b79c652e3fdeb\")>\nmethod = <function element_to_be_clickable.<locals>._predicate at 0x00000243BAB92A20>\nmessage = ''\n\n    def until(self, method: Callable[[D], Union[Literal[False], T]], message: str = \"\") -> T:\n        \"\"\"Wait until the method returns a value that is not False.\n    \n        Calls the method provided with the driver as an argument until the\n        return value does not evaluate to ``False``.\n    \n        Parameters:\n        -----------\n        method: callable(WebDriver)\n            - A callable object that takes a WebDriver instance as an argument.\n    \n        message: str\n            - Optional message for :exc:`TimeoutException`\n    \n        Return:\n        -------\n        object: T\n            - The result of the last call to `method`\n    \n        Raises:\n        -------\n        TimeoutException\n            - If 'method' does not return a truthy value within the WebDriverWait\n            object's timeout\n    \n        Example:\n        --------\n        >>> from selenium.webdriver.common.by import By\n        >>> from selenium.webdriver.support.ui import WebDriverWait\n        >>> from selenium.webdriver.support import expected_conditions as EC\n    \n        # Wait until an element is visible on the page\n        >>> wait = WebDriverWait(driver, 10)\n        >>> element = wait.until(EC.visibility_of_element_located((By.ID, \"exampleId\")))\n        >>> print(element.text)\n        \"\"\"\n        screen = None\n        stacktrace = None\n    \n        end_time = time.monotonic() + self._timeout\n        while True:\n            try:\n                value = method(self._driver)\n                if value:\n                    return value\n            except self._ignored_exceptions as exc:\n                screen = getattr(exc, \"screen\", None)\n                stacktrace = getattr(exc, \"stacktrace\", None)\n            if time.monotonic() > end_time:\n                break\n            time.sleep(self._poll)\n>       raise TimeoutException(message, screen, stacktrace)\nE       selenium.common.exceptions.TimeoutException: Message: \nE       Stacktrace:\nE       \tGetHandleVerifier [0x0x7ff694d1fea5+79173]\nE       \tGetHandleVerifier [0x0x7ff694d1ff00+79264]\nE       \t(No symbol) [0x0x7ff694ad9e5a]\nE       \t(No symbol) [0x0x7ff694b30586]\nE       \t(No symbol) [0x0x7ff694b3083c]\nE       \t(No symbol) [0x0x7ff694b84247]\nE       \t(No symbol) [0x0x7ff694b589af]\nE       \t(No symbol) [0x0x7ff694b8100d]\nE       \t(No symbol) [0x0x7ff694b58743]\nE       \t(No symbol) [0x0x7ff694b214c1]\nE       \t(No symbol) [0x0x7ff694b22253]\nE       \tGetHandleVerifier [0x0x7ff694fea2dd+3004797]\nE       \tGetHandleVerifier [0x0x7ff694fe472d+2981325]\nE       \tGetHandleVerifier [0x0x7ff695003380+3107360]\nE       \tGetHandleVerifier [0x0x7ff694d3aa2e+188622]\nE       \tGetHandleVerifier [0x0x7ff694d422bf+219487]\nE       \tGetHandleVerifier [0x0x7ff694d28df4+115860]\nE       \tGetHandleVerifier [0x0x7ff694d28fa9+116297]\nE       \tGetHandleVerifier [0x0x7ff694d0f558+11256]\nE       \tBaseThreadInitThunk [0x0x7ffda8bf7374+20]\nE       \tRtlUserThreadStart [0x0x7ffdaa1fcc91+33]\n\nvenv\\Lib\\site-packages\\selenium\\webdriver\\support\\wait.py:138: TimeoutException"}, "description": "根据文件类型查询", "parameters": [{"name": "resolution", "value": "(1920, 1080)"}, {"name": "driver", "value": "'chrome'"}], "start": 1751089486444, "stop": 1751089486444, "uuid": "c959741a-7572-49fc-a0d0-f178623bc461", "historyId": "6f0dee52bab6e470d33e6014d0c60967", "testCaseId": "307d7ea88d6ecab547ef9c88af2375d3", "fullName": "test_我的审批#test_file_search_by_type", "labels": [{"name": "feature", "value": "协同办公"}, {"name": "story", "value": "我的审批"}, {"name": "suite", "value": "test_我的审批"}, {"name": "host", "value": "JH-KF10"}, {"name": "thread", "value": "2408-MainThread"}, {"name": "framework", "value": "pytest"}, {"name": "language", "value": "cpython3"}, {"name": "package", "value": "test_我的审批"}]}