{"name": "test_approve_candidates[login0]", "status": "broken", "statusDetails": {"message": "selenium.common.exceptions.TimeoutException: Message: \nStacktrace:\n\tGetHandleVerifier [0x0x7ff70ee1fea5+79173]\n\tGetHandleVerifier [0x0x7ff70ee1ff00+79264]\n\t(No symbol) [0x0x7ff70ebd9e5a]\n\t(No symbol) [0x0x7ff70ec30586]\n\t(No symbol) [0x0x7ff70ec3083c]\n\t(No symbol) [0x0x7ff70ec84247]\n\t(No symbol) [0x0x7ff70ec589af]\n\t(No symbol) [0x0x7ff70ec8100d]\n\t(No symbol) [0x0x7ff70ec58743]\n\t(No symbol) [0x0x7ff70ec214c1]\n\t(No symbol) [0x0x7ff70ec22253]\n\tGetHandleVerifier [0x0x7ff70f0ea2dd+3004797]\n\tGetHandleVerifier [0x0x7ff70f0e472d+2981325]\n\tGetHandleVerifier [0x0x7ff70f103380+3107360]\n\tGetHandleVerifier [0x0x7ff70ee3aa2e+188622]\n\tGetHandleVerifier [0x0x7ff70ee422bf+219487]\n\tGetHandleVerifier [0x0x7ff70ee28df4+115860]\n\tGetHandleVerifier [0x0x7ff70ee28fa9+116297]\n\tGetHandleVerifier [0x0x7ff70ee0f558+11256]\n\tBaseThreadInitThunk [0x0x7ffda8bf7374+20]\n\tRtlUserThreadStart [0x0x7ffdaa1fcc91+33]", "trace": "browser = <selenium.webdriver.chrome.webdriver.WebDriver (session=\"5d1af7fbc7f2398f2fa7db41ff7498b6\")>\nrequest = <SubRequest 'login' for <Function test_approve_candidates[login0]>>\n\n    @pytest.fixture(scope=\"function\")\n    def login(browser, request):\n        username = request.param.get(\"username\")\n        password = request.param.get(\"password\")\n        browser.get(\"http://192.168.2.42:9529/\")\n>       WebDriverWait(browser, 10).until(EC.presence_of_element_located((By.ID, \"username\")))\n\ntest_审批流程.py:34: \n_ _ _ _ _ _ _ _ _ _ _ _ _ _ _ _ _ _ _ _ _ _ _ _ _ _ _ _ _ _ _ _ _ _ _ _ _ _ _ _\n\nself = <selenium.webdriver.support.wait.WebDriverWait (session=\"5d1af7fbc7f2398f2fa7db41ff7498b6\")>\nmethod = <function presence_of_element_located.<locals>._predicate at 0x0000020325B7ED40>\nmessage = ''\n\n    def until(self, method: Callable[[D], Union[Literal[False], T]], message: str = \"\") -> T:\n        \"\"\"Wait until the method returns a value that is not False.\n    \n        Calls the method provided with the driver as an argument until the\n        return value does not evaluate to ``False``.\n    \n        Parameters:\n        -----------\n        method: callable(WebDriver)\n            - A callable object that takes a WebDriver instance as an argument.\n    \n        message: str\n            - Optional message for :exc:`TimeoutException`\n    \n        Return:\n        -------\n        object: T\n            - The result of the last call to `method`\n    \n        Raises:\n        -------\n        TimeoutException\n            - If 'method' does not return a truthy value within the WebDriverWait\n            object's timeout\n    \n        Example:\n        --------\n        >>> from selenium.webdriver.common.by import By\n        >>> from selenium.webdriver.support.ui import WebDriverWait\n        >>> from selenium.webdriver.support import expected_conditions as EC\n    \n        # Wait until an element is visible on the page\n        >>> wait = WebDriverWait(driver, 10)\n        >>> element = wait.until(EC.visibility_of_element_located((By.ID, \"exampleId\")))\n        >>> print(element.text)\n        \"\"\"\n        screen = None\n        stacktrace = None\n    \n        end_time = time.monotonic() + self._timeout\n        while True:\n            try:\n                value = method(self._driver)\n                if value:\n                    return value\n            except self._ignored_exceptions as exc:\n                screen = getattr(exc, \"screen\", None)\n                stacktrace = getattr(exc, \"stacktrace\", None)\n            if time.monotonic() > end_time:\n                break\n            time.sleep(self._poll)\n>       raise TimeoutException(message, screen, stacktrace)\nE       selenium.common.exceptions.TimeoutException: Message: \nE       Stacktrace:\nE       \tGetHandleVerifier [0x0x7ff70ee1fea5+79173]\nE       \tGetHandleVerifier [0x0x7ff70ee1ff00+79264]\nE       \t(No symbol) [0x0x7ff70ebd9e5a]\nE       \t(No symbol) [0x0x7ff70ec30586]\nE       \t(No symbol) [0x0x7ff70ec3083c]\nE       \t(No symbol) [0x0x7ff70ec84247]\nE       \t(No symbol) [0x0x7ff70ec589af]\nE       \t(No symbol) [0x0x7ff70ec8100d]\nE       \t(No symbol) [0x0x7ff70ec58743]\nE       \t(No symbol) [0x0x7ff70ec214c1]\nE       \t(No symbol) [0x0x7ff70ec22253]\nE       \tGetHandleVerifier [0x0x7ff70f0ea2dd+3004797]\nE       \tGetHandleVerifier [0x0x7ff70f0e472d+2981325]\nE       \tGetHandleVerifier [0x0x7ff70f103380+3107360]\nE       \tGetHandleVerifier [0x0x7ff70ee3aa2e+188622]\nE       \tGetHandleVerifier [0x0x7ff70ee422bf+219487]\nE       \tGetHandleVerifier [0x0x7ff70ee28df4+115860]\nE       \tGetHandleVerifier [0x0x7ff70ee28fa9+116297]\nE       \tGetHandleVerifier [0x0x7ff70ee0f558+11256]\nE       \tBaseThreadInitThunk [0x0x7ffda8bf7374+20]\nE       \tRtlUserThreadStart [0x0x7ffdaa1fcc91+33]\n\nvenv\\Lib\\site-packages\\selenium\\webdriver\\support\\wait.py:138: TimeoutException"}, "parameters": [{"name": "login", "value": "{'username': 'admin1', 'password': 'password1'}"}], "start": 1751618748507, "stop": 1751618748507, "uuid": "0e8dde6f-ba06-445a-9836-b04f9445d922", "historyId": "409c35f88dc3621ceffedc43051ec7e3", "testCaseId": "fa7738f97c20fcff0c1f833201952ff0", "fullName": "test_审批流程#test_approve_candidates", "labels": [{"name": "suite", "value": "test_审批流程"}, {"name": "host", "value": "JH-KF10"}, {"name": "thread", "value": "30288-MainThread"}, {"name": "framework", "value": "pytest"}, {"name": "language", "value": "cpython3"}, {"name": "package", "value": "test_审批流程"}]}