{"name": "test_approve[login0]", "status": "broken", "statusDetails": {"message": "selenium.common.exceptions.TimeoutException: Message: \nStacktrace:\n\tGetHandleVerifier [0x0x7ff7e301fea5+79173]\n\tGetHandleVerifier [0x0x7ff7e301ff00+79264]\n\t(No symbol) [0x0x7ff7e2dd9e5a]\n\t(No symbol) [0x0x7ff7e2e30586]\n\t(No symbol) [0x0x7ff7e2e3083c]\n\t(No symbol) [0x0x7ff7e2e84247]\n\t(No symbol) [0x0x7ff7e2e589af]\n\t(No symbol) [0x0x7ff7e2e8100d]\n\t(No symbol) [0x0x7ff7e2e58743]\n\t(No symbol) [0x0x7ff7e2e214c1]\n\t(No symbol) [0x0x7ff7e2e22253]\n\tGetHandleVerifier [0x0x7ff7e32ea2dd+3004797]\n\tGetHandleVerifier [0x0x7ff7e32e472d+2981325]\n\tGetHandleVerifier [0x0x7ff7e3303380+3107360]\n\tGetHandleVerifier [0x0x7ff7e303aa2e+188622]\n\tGetHandleVerifier [0x0x7ff7e30422bf+219487]\n\tGetHandleVerifier [0x0x7ff7e3028df4+115860]\n\tGetHandleVerifier [0x0x7ff7e3028fa9+116297]\n\tGetHandleVerifier [0x0x7ff7e300f558+11256]\n\tBaseThreadInitThunk [0x0x7ffab4797374+20]\n\tRtlUserThreadStart [0x0x7ffab63dcc91+33]", "trace": "driver = <selenium.webdriver.chrome.webdriver.WebDriver (session=\"6a9f1181b5673d4948cf12ed7636632d\")>\nlogin = {'password': '123456', 'username': 'JH-03173'}, navigate_to_approval = None\n\n    @pytest.mark.parametrize(\"login\", [\n        #人事助理\n        #{\"username\": \"JH-03502\", \"password\": \"307306\"},\n        #人事经理\n        {\"username\": \"JH-03173\", \"password\": \"123456\"},\n        #精工组组长\n        #{\"username\": \"JH-01048\", \"password\": \"123456\",\"title\":\"车间/主任审批意见\"},\n        #生产部部门经理\n        #{\"username\": \"JH-00849\", \"password\": \"350715\",\"title\":\"生产部经理审批意见\"},\n        # 科技部部门经理\n        #{\"username\": \"JH-03266\", \"password\": \"123456\", \"title\": \"技术总监审批意见\"},\n        #部门副总（暂无）\n        #{\"username\": \"JH-03173\", \"password\": \"123456\"},\n        #总经理\n        #{\"username\": \"JH-01562\", \"password\": \"520308\",\"title\":\"总经理审批意见\"},\n        #董事长\n        {\"username\": \"JH-00001\", \"password\": \"1231234567\",\"title\":\"董事长审批意见\"},\n    ], indirect=True)\n    def test_approve(driver, login,navigate_to_approval):\n        print(f\"Login data: {login}\")\n        if login['username']=='JH-03173':\n>           approve_result =approve_f(driver)\n                            ^^^^^^^^^^^^^^^^^\n\ntest_招聘审批流程.py:295: \n_ _ _ _ _ _ _ _ _ _ _ _ _ _ _ _ _ _ _ _ _ _ _ _ _ _ _ _ _ _ _ _ _ _ _ _ _ _ _ _ _ _ _ _ _ _ _ _ _ _ _ _ _ _ _ _ _ _ _ _\ntest_招聘审批流程.py:147: in approve_f\n    wait.until(EC.element_to_be_clickable((By.XPATH, \"//tbody/tr[1]/td[4]//label[1]/span/span\"))).click()\n    ^^^^^^^^^^^^^^^^^^^^^^^^^^^^^^^^^^^^^^^^^^^^^^^^^^^^^^^^^^^^^^^^^^^^^^^^^^^^^^^^^^^^^^^^^^^^^\n_ _ _ _ _ _ _ _ _ _ _ _ _ _ _ _ _ _ _ _ _ _ _ _ _ _ _ _ _ _ _ _ _ _ _ _ _ _ _ _ _ _ _ _ _ _ _ _ _ _ _ _ _ _ _ _ _ _ _ _\n\nself = <selenium.webdriver.support.wait.WebDriverWait (session=\"6a9f1181b5673d4948cf12ed7636632d\")>\nmethod = <function element_to_be_clickable.<locals>._predicate at 0x0000026468AB0680>, message = ''\n\n    def until(self, method: Callable[[D], Union[Literal[False], T]], message: str = \"\") -> T:\n        \"\"\"Wait until the method returns a value that is not False.\n    \n        Calls the method provided with the driver as an argument until the\n        return value does not evaluate to ``False``.\n    \n        Parameters:\n        -----------\n        method: callable(WebDriver)\n            - A callable object that takes a WebDriver instance as an argument.\n    \n        message: str\n            - Optional message for :exc:`TimeoutException`\n    \n        Return:\n        -------\n        object: T\n            - The result of the last call to `method`\n    \n        Raises:\n        -------\n        TimeoutException\n            - If 'method' does not return a truthy value within the WebDriverWait\n            object's timeout\n    \n        Example:\n        --------\n        >>> from selenium.webdriver.common.by import By\n        >>> from selenium.webdriver.support.ui import WebDriverWait\n        >>> from selenium.webdriver.support import expected_conditions as EC\n    \n        # Wait until an element is visible on the page\n        >>> wait = WebDriverWait(driver, 10)\n        >>> element = wait.until(EC.visibility_of_element_located((By.ID, \"exampleId\")))\n        >>> print(element.text)\n        \"\"\"\n        screen = None\n        stacktrace = None\n    \n        end_time = time.monotonic() + self._timeout\n        while True:\n            try:\n                value = method(self._driver)\n                if value:\n                    return value\n            except self._ignored_exceptions as exc:\n                screen = getattr(exc, \"screen\", None)\n                stacktrace = getattr(exc, \"stacktrace\", None)\n            if time.monotonic() > end_time:\n                break\n            time.sleep(self._poll)\n>       raise TimeoutException(message, screen, stacktrace)\nE       selenium.common.exceptions.TimeoutException: Message: \nE       Stacktrace:\nE       \tGetHandleVerifier [0x0x7ff7e301fea5+79173]\nE       \tGetHandleVerifier [0x0x7ff7e301ff00+79264]\nE       \t(No symbol) [0x0x7ff7e2dd9e5a]\nE       \t(No symbol) [0x0x7ff7e2e30586]\nE       \t(No symbol) [0x0x7ff7e2e3083c]\nE       \t(No symbol) [0x0x7ff7e2e84247]\nE       \t(No symbol) [0x0x7ff7e2e589af]\nE       \t(No symbol) [0x0x7ff7e2e8100d]\nE       \t(No symbol) [0x0x7ff7e2e58743]\nE       \t(No symbol) [0x0x7ff7e2e214c1]\nE       \t(No symbol) [0x0x7ff7e2e22253]\nE       \tGetHandleVerifier [0x0x7ff7e32ea2dd+3004797]\nE       \tGetHandleVerifier [0x0x7ff7e32e472d+2981325]\nE       \tGetHandleVerifier [0x0x7ff7e3303380+3107360]\nE       \tGetHandleVerifier [0x0x7ff7e303aa2e+188622]\nE       \tGetHandleVerifier [0x0x7ff7e30422bf+219487]\nE       \tGetHandleVerifier [0x0x7ff7e3028df4+115860]\nE       \tGetHandleVerifier [0x0x7ff7e3028fa9+116297]\nE       \tGetHandleVerifier [0x0x7ff7e300f558+11256]\nE       \tBaseThreadInitThunk [0x0x7ffab4797374+20]\nE       \tRtlUserThreadStart [0x0x7ffab63dcc91+33]\n\n..\\..\\AppData\\Local\\Packages\\PythonSoftwareFoundation.Python.3.13_qbz5n2kfra8p0\\LocalCache\\local-packages\\Python313\\site-packages\\selenium\\webdriver\\support\\wait.py:138: TimeoutException"}, "attachments": [{"name": "stdout", "source": "6e31b6cc-b8ba-4d72-9cc6-7242ffd21e8d-attachment.txt", "type": "text/plain"}], "parameters": [{"name": "login", "value": "{'username': 'JH-03173', 'password': '123456'}"}], "start": 1753496034635, "stop": 1753496055001, "uuid": "6feef946-e756-4bc8-93e7-1db4a8084fda", "historyId": "dd792a124653c2b670c78eec632f7926", "testCaseId": "c85faf5b505755753bed6f5505b4a772", "fullName": "test_招聘审批流程#test_approve", "labels": [{"name": "suite", "value": "test_招聘审批流程"}, {"name": "host", "value": "JH-KF10"}, {"name": "thread", "value": "13752-MainThread"}, {"name": "framework", "value": "pytest"}, {"name": "language", "value": "cpython3"}, {"name": "package", "value": "test_招聘审批流程"}]}