{"name": "test_file_search_by_name[resolution0-chrome]", "status": "broken", "statusDetails": {"message": "selenium.common.exceptions.TimeoutException: Message: \nStacktrace:\n\tGetHandleVerifier [0x0x7ff694d1fea5+79173]\n\tGetHandleVerifier [0x0x7ff694d1ff00+79264]\n\t(No symbol) [0x0x7ff694ad9e5a]\n\t(No symbol) [0x0x7ff694b30586]\n\t(No symbol) [0x0x7ff694b3083c]\n\t(No symbol) [0x0x7ff694b84247]\n\t(No symbol) [0x0x7ff694b589af]\n\t(No symbol) [0x0x7ff694b8100d]\n\t(No symbol) [0x0x7ff694b58743]\n\t(No symbol) [0x0x7ff694b214c1]\n\t(No symbol) [0x0x7ff694b22253]\n\tGetHandleVerifier [0x0x7ff694fea2dd+3004797]\n\tGetHandleVerifier [0x0x7ff694fe472d+2981325]\n\tGetHandleVerifier [0x0x7ff695003380+3107360]\n\tGetHandleVerifier [0x0x7ff694d3aa2e+188622]\n\tGetHandleVerifier [0x0x7ff694d422bf+219487]\n\tGetHandleVerifier [0x0x7ff694d28df4+115860]\n\tGetHandleVerifier [0x0x7ff694d28fa9+116297]\n\tGetHandleVerifier [0x0x7ff694d0f558+11256]\n\tBaseThreadInitThunk [0x0x7ffda8bf7374+20]\n\tRtlUserThreadStart [0x0x7ffdaa1fcc91+33]", "trace": "driver = <selenium.webdriver.chrome.webdriver.WebDriver (session=\"e03d3526d591a4f659b288219059e016\")>\nnavigate_to_submit = None\n\n    @allure.epic(\"协同办公\")\n    @allure.feature(\"我的工作\")\n    @allure.story(\"我的提交\")\n    @allure.description(\"根据文件名称查询\")\n    @pytest.mark.parametrize(\"driver\",['chrome'],indirect=True)\n    def test_file_search_by_name(driver, navigate_to_submit):\n        \"\"\"测试按文件名查询\"\"\"\n        wait = WebDriverWait(driver, 10)\n        try:\n                    # 文件名查询测试\n            file_name = wait.until(EC.presence_of_element_located(\n                (By.XPATH, '//*[@id=\"app\"]//div[label[@for=\"file_name\"]]//input')))\n            file_name.send_keys(\"申请\")\n    \n            wait.until(EC.presence_of_element_located(\n                (By.XPATH, '//form//button[contains(@class,\"el-button--success\")]'))).click()\n            time.sleep(2)\n    \n            wait.until(EC.presence_of_element_located(\n                (By.XPATH, '//form//button[contains(@class,\"el-button--primary\")]'))).click()\n            text=wait.until(EC.presence_of_element_located(\n                (By.XPATH, '//tbody/tr[1]/td[2]//span/span')))\n            n = text.text\n            if \"新建\" not in n :\n                highlight_element(driver,text)\n                allure.attach(driver.get_screenshot_as_png(), name=\"文件名称查询失败截图\",attachment_type=allure.attachment_type.PNG)\n                reset_element(driver, text)\n            assert \"新建\" in n\n        except Exception as e:\n            # 截图并附加到 Allure 报告\n>           raise e\n\ntest_我的提交.py:299: \n_ _ _ _ _ _ _ _ _ _ _ _ _ _ _ _ _ _ _ _ _ _ _ _ _ _ _ _ _ _ _ _ _ _ _ _ _ _ _ _\ntest_我的提交.py:289: in test_file_search_by_name\n    text=wait.until(EC.presence_of_element_located(\n_ _ _ _ _ _ _ _ _ _ _ _ _ _ _ _ _ _ _ _ _ _ _ _ _ _ _ _ _ _ _ _ _ _ _ _ _ _ _ _\n\nself = <selenium.webdriver.support.wait.WebDriverWait (session=\"e03d3526d591a4f659b288219059e016\")>\nmethod = <function presence_of_element_located.<locals>._predicate at 0x000001DFFFEDEAC0>\nmessage = ''\n\n    def until(self, method: Callable[[D], Union[Literal[False], T]], message: str = \"\") -> T:\n        \"\"\"Wait until the method returns a value that is not False.\n    \n        Calls the method provided with the driver as an argument until the\n        return value does not evaluate to ``False``.\n    \n        Parameters:\n        -----------\n        method: callable(WebDriver)\n            - A callable object that takes a WebDriver instance as an argument.\n    \n        message: str\n            - Optional message for :exc:`TimeoutException`\n    \n        Return:\n        -------\n        object: T\n            - The result of the last call to `method`\n    \n        Raises:\n        -------\n        TimeoutException\n            - If 'method' does not return a truthy value within the WebDriverWait\n            object's timeout\n    \n        Example:\n        --------\n        >>> from selenium.webdriver.common.by import By\n        >>> from selenium.webdriver.support.ui import WebDriverWait\n        >>> from selenium.webdriver.support import expected_conditions as EC\n    \n        # Wait until an element is visible on the page\n        >>> wait = WebDriverWait(driver, 10)\n        >>> element = wait.until(EC.visibility_of_element_located((By.ID, \"exampleId\")))\n        >>> print(element.text)\n        \"\"\"\n        screen = None\n        stacktrace = None\n    \n        end_time = time.monotonic() + self._timeout\n        while True:\n            try:\n                value = method(self._driver)\n                if value:\n                    return value\n            except self._ignored_exceptions as exc:\n                screen = getattr(exc, \"screen\", None)\n                stacktrace = getattr(exc, \"stacktrace\", None)\n            if time.monotonic() > end_time:\n                break\n            time.sleep(self._poll)\n>       raise TimeoutException(message, screen, stacktrace)\nE       selenium.common.exceptions.TimeoutException: Message: \nE       Stacktrace:\nE       \tGetHandleVerifier [0x0x7ff694d1fea5+79173]\nE       \tGetHandleVerifier [0x0x7ff694d1ff00+79264]\nE       \t(No symbol) [0x0x7ff694ad9e5a]\nE       \t(No symbol) [0x0x7ff694b30586]\nE       \t(No symbol) [0x0x7ff694b3083c]\nE       \t(No symbol) [0x0x7ff694b84247]\nE       \t(No symbol) [0x0x7ff694b589af]\nE       \t(No symbol) [0x0x7ff694b8100d]\nE       \t(No symbol) [0x0x7ff694b58743]\nE       \t(No symbol) [0x0x7ff694b214c1]\nE       \t(No symbol) [0x0x7ff694b22253]\nE       \tGetHandleVerifier [0x0x7ff694fea2dd+3004797]\nE       \tGetHandleVerifier [0x0x7ff694fe472d+2981325]\nE       \tGetHandleVerifier [0x0x7ff695003380+3107360]\nE       \tGetHandleVerifier [0x0x7ff694d3aa2e+188622]\nE       \tGetHandleVerifier [0x0x7ff694d422bf+219487]\nE       \tGetHandleVerifier [0x0x7ff694d28df4+115860]\nE       \tGetHandleVerifier [0x0x7ff694d28fa9+116297]\nE       \tGetHandleVerifier [0x0x7ff694d0f558+11256]\nE       \tBaseThreadInitThunk [0x0x7ffda8bf7374+20]\nE       \tRtlUserThreadStart [0x0x7ffdaa1fcc91+33]\n\nvenv\\Lib\\site-packages\\selenium\\webdriver\\support\\wait.py:138: TimeoutException"}, "description": "根据文件名称查询", "parameters": [{"name": "resolution", "value": "(1920, 1080)"}, {"name": "driver", "value": "'chrome'"}], "start": 1751097163572, "stop": 1751097176375, "uuid": "2f0bd58f-55eb-48c0-887c-77967d4916b3", "historyId": "0352794c374a9d20510997915d86a6aa", "testCaseId": "9274c4b998c0e7b99a9bb8a65f9ca0ec", "fullName": "test_我的提交#test_file_search_by_name", "labels": [{"name": "feature", "value": "我的工作"}, {"name": "epic", "value": "协同办公"}, {"name": "story", "value": "我的提交"}, {"name": "suite", "value": "test_我的提交"}, {"name": "host", "value": "JH-KF10"}, {"name": "thread", "value": "892-MainThread"}, {"name": "framework", "value": "pytest"}, {"name": "language", "value": "cpython3"}, {"name": "package", "value": "test_我的提交"}]}