{"name": "test_send_password[resolution0-chrome]", "status": "broken", "statusDetails": {"message": "selenium.common.exceptions.TimeoutException: Message: \nStacktrace:\n\tGetHandleVerifier [0x0x7ff7e301fea5+79173]\n\tGetHandleVerifier [0x0x7ff7e301ff00+79264]\n\t(No symbol) [0x0x7ff7e2dd9e5a]\n\t(No symbol) [0x0x7ff7e2e30586]\n\t(No symbol) [0x0x7ff7e2e3083c]\n\t(No symbol) [0x0x7ff7e2e84247]\n\t(No symbol) [0x0x7ff7e2e589af]\n\t(No symbol) [0x0x7ff7e2e8100d]\n\t(No symbol) [0x0x7ff7e2e58743]\n\t(No symbol) [0x0x7ff7e2e214c1]\n\t(No symbol) [0x0x7ff7e2e22253]\n\tGetHandleVerifier [0x0x7ff7e32ea2dd+3004797]\n\tGetHandleVerifier [0x0x7ff7e32e472d+2981325]\n\tGetHandleVerifier [0x0x7ff7e3303380+3107360]\n\tGetHandleVerifier [0x0x7ff7e303aa2e+188622]\n\tGetHandleVerifier [0x0x7ff7e30422bf+219487]\n\tGetHandleVerifier [0x0x7ff7e3028df4+115860]\n\tGetHandleVerifier [0x0x7ff7e3028fa9+116297]\n\tGetHandleVerifier [0x0x7ff7e300f558+11256]\n\tBaseThreadInitThunk [0x0x7ffab4797374+20]\n\tRtlUserThreadStart [0x0x7ffab63dcc91+33]", "trace": "driver = <selenium.webdriver.chrome.webdriver.WebDriver (session=\"b4697d740f6620944a0afaf614a13f90\")>\nnavigate_to_user_management = None\n\n    @pytest.mark.parametrize(\"driver\",['chrome'],indirect=True)\n    @allure.epic(\"系统管理设置\")\n    @allure.feature(\"菜单权限管理\")\n    @allure.story(\"用户管理\")\n    @allure.description(\"发送密码\")\n    def test_send_password(driver,navigate_to_user_management):\n        wait = WebDriverWait(driver, 20)\n        try:\n            # 点击发送密码按钮\n            wait.until(EC.element_to_be_clickable(\n                (By.XPATH,'//*[@id=\"app\"]/div/div[@class=\"main-container\"]/section/div/div/div[@class=\"table-info-bar flex flex-x-sb flex-y-center\"]/div[@class=\"right flex flex-y-center\"]/button[1]'))).click()\n            time.sleep(1)\n            # 输入姓名查询\n            wait.until(EC.element_to_be_clickable(\n                (By.XPATH, '//div[@aria-label=\"选择人员\"]//div[@class=\"el-dialog__body\"]//div[label[@for=\"name\"]]//input'))).send_keys(\"郑琦\")\n            wait.until(EC.element_to_be_clickable(\n                (By.XPATH, '//div[contains(@class,\"search-btns-dialog\")]//button[span[text()=\"查询\"]]'))).click()\n            # 选择确定\n            time.sleep(1)\n            element=wait.until(EC.element_to_be_clickable(\n                (By.XPATH, '//div[@class=\"el-dialog__body\"]//tbody/tr[1]/td[2]//span/span')))\n            driver.execute_script(\"arguments[0].click();\", element)\n            wait.until(EC.element_to_be_clickable(\n                (By.XPATH, '//div[contains(@class,\"search-btns-dialog\")]//button[span[text()=\"确认\"]]'))).click()\n            time.sleep(1)\n            # 查询\n            text = wait.until(EC.element_to_be_clickable(\n                (By.XPATH, '//p[@class=\"el-message__content\"]')))\n            if text.text != \"发送密码成功！\":\n                highlight_element(driver, text)\n                allure.attach(driver.get_screenshot_as_png(), name=\"发送密码失败截图\",\n                              attachment_type=allure.attachment_type.PNG)\n                reset_element(driver, text)\n            assert text.text == \"发送密码成功！\"\n    \n        except Exception as e:\n>           raise e\n\n系统设置\\系统管理设置\\菜单权限管理\\test_用户管理.py:379: \n_ _ _ _ _ _ _ _ _ _ _ _ _ _ _ _ _ _ _ _ _ _ _ _ _ _ _ _ _ _ _ _ _ _ _ _ _ _ _ _ _ _ _ _ _ _ _ _ _ _ _ _ _ _ _ _ _ _ _ _\n系统设置\\系统管理设置\\菜单权限管理\\test_用户管理.py:362: in test_send_password\n    element=wait.until(EC.element_to_be_clickable(\n_ _ _ _ _ _ _ _ _ _ _ _ _ _ _ _ _ _ _ _ _ _ _ _ _ _ _ _ _ _ _ _ _ _ _ _ _ _ _ _ _ _ _ _ _ _ _ _ _ _ _ _ _ _ _ _ _ _ _ _\n\nself = <selenium.webdriver.support.wait.WebDriverWait (session=\"b4697d740f6620944a0afaf614a13f90\")>\nmethod = <function element_to_be_clickable.<locals>._predicate at 0x000002646A7F3A60>, message = ''\n\n    def until(self, method: Callable[[D], Union[Literal[False], T]], message: str = \"\") -> T:\n        \"\"\"Wait until the method returns a value that is not False.\n    \n        Calls the method provided with the driver as an argument until the\n        return value does not evaluate to ``False``.\n    \n        Parameters:\n        -----------\n        method: callable(WebDriver)\n            - A callable object that takes a WebDriver instance as an argument.\n    \n        message: str\n            - Optional message for :exc:`TimeoutException`\n    \n        Return:\n        -------\n        object: T\n            - The result of the last call to `method`\n    \n        Raises:\n        -------\n        TimeoutException\n            - If 'method' does not return a truthy value within the WebDriverWait\n            object's timeout\n    \n        Example:\n        --------\n        >>> from selenium.webdriver.common.by import By\n        >>> from selenium.webdriver.support.ui import WebDriverWait\n        >>> from selenium.webdriver.support import expected_conditions as EC\n    \n        # Wait until an element is visible on the page\n        >>> wait = WebDriverWait(driver, 10)\n        >>> element = wait.until(EC.visibility_of_element_located((By.ID, \"exampleId\")))\n        >>> print(element.text)\n        \"\"\"\n        screen = None\n        stacktrace = None\n    \n        end_time = time.monotonic() + self._timeout\n        while True:\n            try:\n                value = method(self._driver)\n                if value:\n                    return value\n            except self._ignored_exceptions as exc:\n                screen = getattr(exc, \"screen\", None)\n                stacktrace = getattr(exc, \"stacktrace\", None)\n            if time.monotonic() > end_time:\n                break\n            time.sleep(self._poll)\n>       raise TimeoutException(message, screen, stacktrace)\nE       selenium.common.exceptions.TimeoutException: Message: \nE       Stacktrace:\nE       \tGetHandleVerifier [0x0x7ff7e301fea5+79173]\nE       \tGetHandleVerifier [0x0x7ff7e301ff00+79264]\nE       \t(No symbol) [0x0x7ff7e2dd9e5a]\nE       \t(No symbol) [0x0x7ff7e2e30586]\nE       \t(No symbol) [0x0x7ff7e2e3083c]\nE       \t(No symbol) [0x0x7ff7e2e84247]\nE       \t(No symbol) [0x0x7ff7e2e589af]\nE       \t(No symbol) [0x0x7ff7e2e8100d]\nE       \t(No symbol) [0x0x7ff7e2e58743]\nE       \t(No symbol) [0x0x7ff7e2e214c1]\nE       \t(No symbol) [0x0x7ff7e2e22253]\nE       \tGetHandleVerifier [0x0x7ff7e32ea2dd+3004797]\nE       \tGetHandleVerifier [0x0x7ff7e32e472d+2981325]\nE       \tGetHandleVerifier [0x0x7ff7e3303380+3107360]\nE       \tGetHandleVerifier [0x0x7ff7e303aa2e+188622]\nE       \tGetHandleVerifier [0x0x7ff7e30422bf+219487]\nE       \tGetHandleVerifier [0x0x7ff7e3028df4+115860]\nE       \tGetHandleVerifier [0x0x7ff7e3028fa9+116297]\nE       \tGetHandleVerifier [0x0x7ff7e300f558+11256]\nE       \tBaseThreadInitThunk [0x0x7ffab4797374+20]\nE       \tRtlUserThreadStart [0x0x7ffab63dcc91+33]\n\n..\\..\\AppData\\Local\\Packages\\PythonSoftwareFoundation.Python.3.13_qbz5n2kfra8p0\\LocalCache\\local-packages\\Python313\\site-packages\\selenium\\webdriver\\support\\wait.py:138: TimeoutException"}, "description": "发送密码", "parameters": [{"name": "resolution", "value": "(1920, 1080)"}, {"name": "driver", "value": "'chrome'"}], "start": 1753498614707, "stop": 1753498637356, "uuid": "b49b91a3-57e5-454d-8a0e-2870cb6a05d2", "historyId": "820f11dd2139769964ab5cf624fbec8e", "testCaseId": "825608830f44a10fc52071fd82518431", "fullName": "系统设置.系统管理设置.菜单权限管理.test_用户管理#test_send_password", "labels": [{"name": "feature", "value": "菜单权限管理"}, {"name": "story", "value": "用户管理"}, {"name": "epic", "value": "系统管理设置"}, {"name": "parentSuite", "value": "系统设置.系统管理设置.菜单权限管理"}, {"name": "suite", "value": "test_用户管理"}, {"name": "host", "value": "JH-KF10"}, {"name": "thread", "value": "13752-MainThread"}, {"name": "framework", "value": "pytest"}, {"name": "language", "value": "cpython3"}, {"name": "package", "value": "系统设置.系统管理设置.菜单权限管理.test_用户管理"}]}