{"name": "test_approve_candidates[login0]", "status": "broken", "statusDetails": {"message": "selenium.common.exceptions.NoSuchElementException: Message: no such element: Unable to locate element: {\"method\":\"css selector\",\"selector\":\"[id=\"logout_button\"]\"}\n  (Session info: chrome=137.0.7151.69); For documentation on this error, please visit: https://www.selenium.dev/documentation/webdriver/troubleshooting/errors#no-such-element-exception\nStacktrace:\n\tGetHandleVerifier [0x0x7ff7e003fea5+79173]\n\tGetHandleVerifier [0x0x7ff7e003ff00+79264]\n\t(No symbol) [0x0x7ff7dfdf9e5a]\n\t(No symbol) [0x0x7ff7dfe50586]\n\t(No symbol) [0x0x7ff7dfe5083c]\n\t(No symbol) [0x0x7ff7dfea4247]\n\t(No symbol) [0x0x7ff7dfe789af]\n\t(No symbol) [0x0x7ff7dfea100d]\n\t(No symbol) [0x0x7ff7dfe78743]\n\t(No symbol) [0x0x7ff7dfe414c1]\n\t(No symbol) [0x0x7ff7dfe42253]\n\tGetHandleVerifier [0x0x7ff7e030a2dd+3004797]\n\tGetHandleVerifier [0x0x7ff7e030472d+2981325]\n\tGetHandleVerifier [0x0x7ff7e0323380+3107360]\n\tGetHandleVerifier [0x0x7ff7e005aa2e+188622]\n\tGetHandleVerifier [0x0x7ff7e00622bf+219487]\n\tGetHandleVerifier [0x0x7ff7e0048df4+115860]\n\tGetHandleVerifier [0x0x7ff7e0048fa9+116297]\n\tGetHandleVerifier [0x0x7ff7e002f558+11256]\n\tBaseThreadInitThunk [0x0x7ffda8bf7374+20]\n\tRtlUserThreadStart [0x0x7ffdaa1fcc91+33]", "trace": "driver = <selenium.webdriver.chrome.webdriver.WebDriver (session=\"2ac777aed0fd578e7497dcc39a39aad6\")>\nlogin = None\n\n    @pytest.mark.parametrize(\"login\", [\n        {\"username\": \"admin\", \"password\": \"1231234567\"},\n        {\"username\": \"admin2\", \"password\": \"password2\"},\n        {\"username\": \"admin3\", \"password\": \"password3\"}\n    ], indirect=True)\n    def test_approve_candidates(driver, login):\n    \n        time.sleep(5)\n>       logout(driver)\n\ntest_审批流程.py:86: \n_ _ _ _ _ _ _ _ _ _ _ _ _ _ _ _ _ _ _ _ _ _ _ _ _ _ _ _ _ _ _ _ _ _ _ _ _ _ _ _\ntest_审批流程.py:74: in logout\n    driver.find_element(By.ID, \"logout_button\").click()\n    ^^^^^^^^^^^^^^^^^^^^^^^^^^^^^^^^^^^^^^^^^^^\nvenv\\Lib\\site-packages\\selenium\\webdriver\\remote\\webdriver.py:914: in find_element\n    return self.execute(Command.FIND_ELEMENT, {\"using\": by, \"value\": value})[\"value\"]\n           ^^^^^^^^^^^^^^^^^^^^^^^^^^^^^^^^^^^^^^^^^^^^^^^^^^^^^^^^^^^^^^^^^\nvenv\\Lib\\site-packages\\selenium\\webdriver\\remote\\webdriver.py:447: in execute\n    self.error_handler.check_response(response)\n_ _ _ _ _ _ _ _ _ _ _ _ _ _ _ _ _ _ _ _ _ _ _ _ _ _ _ _ _ _ _ _ _ _ _ _ _ _ _ _\n\nself = <selenium.webdriver.remote.errorhandler.ErrorHandler object at 0x0000029C93E401A0>\nresponse = {'status': 404, 'value': '{\"value\":{\"error\":\"no such element\",\"message\":\"no such element: Unable to locate element: {\\...ff7e002f558+11256]\\\\n\\\\tBaseThreadInitThunk [0x0x7ffda8bf7374+20]\\\\n\\\\tRtlUserThreadStart [0x0x7ffdaa1fcc91+33]\\\\n\"}}'}\n\n    def check_response(self, response: Dict[str, Any]) -> None:\n        \"\"\"Checks that a JSON response from the WebDriver does not have an\n        error.\n    \n        :Args:\n         - response - The JSON response from the WebDriver server as a dictionary\n           object.\n    \n        :Raises: If the response contains an error message.\n        \"\"\"\n        status = response.get(\"status\", None)\n        if not status or status == ErrorCode.SUCCESS:\n            return\n        value = None\n        message = response.get(\"message\", \"\")\n        screen: str = response.get(\"screen\", \"\")\n        stacktrace = None\n        if isinstance(status, int):\n            value_json = response.get(\"value\", None)\n            if value_json and isinstance(value_json, str):\n                import json\n    \n                try:\n                    value = json.loads(value_json)\n                    if len(value) == 1:\n                        value = value[\"value\"]\n                    status = value.get(\"error\", None)\n                    if not status:\n                        status = value.get(\"status\", ErrorCode.UNKNOWN_ERROR)\n                        message = value.get(\"value\") or value.get(\"message\")\n                        if not isinstance(message, str):\n                            value = message\n                            message = message.get(\"message\")\n                    else:\n                        message = value.get(\"message\", None)\n                except ValueError:\n                    pass\n    \n        exception_class: Type[WebDriverException]\n        e = ErrorCode()\n        error_codes = [item for item in dir(e) if not item.startswith(\"__\")]\n        for error_code in error_codes:\n            error_info = getattr(ErrorCode, error_code)\n            if isinstance(error_info, list) and status in error_info:\n                exception_class = getattr(ExceptionMapping, error_code, WebDriverException)\n                break\n        else:\n            exception_class = WebDriverException\n    \n        if not value:\n            value = response[\"value\"]\n        if isinstance(value, str):\n            raise exception_class(value)\n        if message == \"\" and \"message\" in value:\n            message = value[\"message\"]\n    \n        screen = None  # type: ignore[assignment]\n        if \"screen\" in value:\n            screen = value[\"screen\"]\n    \n        stacktrace = None\n        st_value = value.get(\"stackTrace\") or value.get(\"stacktrace\")\n        if st_value:\n            if isinstance(st_value, str):\n                stacktrace = st_value.split(\"\\n\")\n            else:\n                stacktrace = []\n                try:\n                    for frame in st_value:\n                        line = frame.get(\"lineNumber\", \"\")\n                        file = frame.get(\"fileName\", \"<anonymous>\")\n                        if line:\n                            file = f\"{file}:{line}\"\n                        meth = frame.get(\"methodName\", \"<anonymous>\")\n                        if \"className\" in frame:\n                            meth = f\"{frame['className']}.{meth}\"\n                        msg = \"    at %s (%s)\"\n                        msg = msg % (meth, file)\n                        stacktrace.append(msg)\n                except TypeError:\n                    pass\n        if exception_class == UnexpectedAlertPresentException:\n            alert_text = None\n            if \"data\" in value:\n                alert_text = value[\"data\"].get(\"text\")\n            elif \"alert\" in value:\n                alert_text = value[\"alert\"].get(\"text\")\n            raise exception_class(message, screen, stacktrace, alert_text)  # type: ignore[call-arg]  # mypy is not smart enough here\n>       raise exception_class(message, screen, stacktrace)\nE       selenium.common.exceptions.NoSuchElementException: Message: no such element: Unable to locate element: {\"method\":\"css selector\",\"selector\":\"[id=\"logout_button\"]\"}\nE         (Session info: chrome=137.0.7151.69); For documentation on this error, please visit: https://www.selenium.dev/documentation/webdriver/troubleshooting/errors#no-such-element-exception\nE       Stacktrace:\nE       \tGetHandleVerifier [0x0x7ff7e003fea5+79173]\nE       \tGetHandleVerifier [0x0x7ff7e003ff00+79264]\nE       \t(No symbol) [0x0x7ff7dfdf9e5a]\nE       \t(No symbol) [0x0x7ff7dfe50586]\nE       \t(No symbol) [0x0x7ff7dfe5083c]\nE       \t(No symbol) [0x0x7ff7dfea4247]\nE       \t(No symbol) [0x0x7ff7dfe789af]\nE       \t(No symbol) [0x0x7ff7dfea100d]\nE       \t(No symbol) [0x0x7ff7dfe78743]\nE       \t(No symbol) [0x0x7ff7dfe414c1]\nE       \t(No symbol) [0x0x7ff7dfe42253]\nE       \tGetHandleVerifier [0x0x7ff7e030a2dd+3004797]\nE       \tGetHandleVerifier [0x0x7ff7e030472d+2981325]\nE       \tGetHandleVerifier [0x0x7ff7e0323380+3107360]\nE       \tGetHandleVerifier [0x0x7ff7e005aa2e+188622]\nE       \tGetHandleVerifier [0x0x7ff7e00622bf+219487]\nE       \tGetHandleVerifier [0x0x7ff7e0048df4+115860]\nE       \tGetHandleVerifier [0x0x7ff7e0048fa9+116297]\nE       \tGetHandleVerifier [0x0x7ff7e002f558+11256]\nE       \tBaseThreadInitThunk [0x0x7ffda8bf7374+20]\nE       \tRtlUserThreadStart [0x0x7ffdaa1fcc91+33]\n\nvenv\\Lib\\site-packages\\selenium\\webdriver\\remote\\errorhandler.py:232: NoSuchElementException"}, "parameters": [{"name": "login", "value": "{'username': 'admin', 'password': '1231234567'}"}], "start": 1751674251342, "stop": 1751674256370, "uuid": "2d0f444e-5509-4c11-88c3-f6b110512399", "historyId": "f8a4960015f36aaa052df97f9dc08851", "testCaseId": "fa7738f97c20fcff0c1f833201952ff0", "fullName": "test_审批流程#test_approve_candidates", "labels": [{"name": "suite", "value": "test_审批流程"}, {"name": "host", "value": "JH-KF10"}, {"name": "thread", "value": "25088-MainThread"}, {"name": "framework", "value": "pytest"}, {"name": "language", "value": "cpython3"}, {"name": "package", "value": "test_审批流程"}]}