{"uid":"a2291ba7085fd540","name":"test_file_search_by_name[resolution0-chrome]","fullName":"协同办公.我的工作.test_我的审批#test_file_search_by_name","historyId":"f05b0495024f0678b38e9eb31540131c","time":{"start":1753512459139,"stop":1753512459139,"duration":0},"description":"根据文件名称查询","descriptionHtml":"<p>根据文件名称查询</p>\n","status":"broken","statusMessage":"selenium.common.exceptions.TimeoutException: Message:","statusTrace":"driver = <selenium.webdriver.chrome.webdriver.WebDriver (session=\"91a9c1ed36e52f1d813ff36ef4a5d9b9\")>, login = None\n\n    @pytest.fixture(scope=\"module\")\n    def navigate_to_approval(driver, login):\n        \"\"\"导航到审批页面\"\"\"\n        window_size = driver.get_window_size()\n        width, height = window_size[\"width\"], window_size[\"height\"]\n        wait = WebDriverWait(driver, 20)\n        try:\n            # 点击协同办公设置\n            wait.until(EC.element_to_be_clickable((By.XPATH, '//div[@class=\"menu-bar\"]/ul/li[text()=\" 协同办公 \"]'))).click()\n            if width==1366:\n                #点击扩展列表\n                wait.until(EC.element_to_be_clickable((By.XPATH,'//div[@class=\"menu-bar\"]/div[@class=\"flex flex-x-center flex-y-center fold-box\"]/i'))).click()\n            #点击我的工作\n            wait.until(EC.element_to_be_clickable((By.XPATH, '//div[@class=\"sidebar-container\"]//li//span[text()=\"我的工作\"]'))).click()\n            #点击我的审批\n            wait.until(EC.element_to_be_clickable((By.XPATH, '//div[@class=\"sidebar-container\"]//li/ul//span[text()=\"我的审批\"]'))).click()\n    \n            # 验证页面加载\n            time.sleep(2)\n            title = wait.until(EC.presence_of_element_located(\n                (By.XPATH, '//section//div[@class=\"table-info-bar flex flex-x-sb flex-y-center\"]/div[@class=\"left flex flex-y-center\"]/span[@class=\"title\"]')))\n            if title.text !=\"我的审批\":\n                highlight_element(driver,title)\n                allure.attach(driver.get_screenshot_as_png(), name=\"导航到审批页面失败截图\",attachment_type=allure.attachment_type.PNG)\n                reset_element(driver,title)\n            assert title.text == \"我的审批\"\n        except Exception as e:\n            # 截图并附加到 Allure 报告\n>           raise e\n\nC:\\Users\\Administrator\\Desktop\\test\\协同办公\\我的工作\\test_我的审批.py:163: \n_ _ _ _ _ _ _ _ _ _ _ _ _ _ _ _ _ _ _ _ _ _ _ _ _ _ _ _ _ _ _ _ _ _ _ _ _ _ _ _ _ _ _ _ _ _ _ _ _ _ _ _ _ _ _ _ _ _ _ _\nC:\\Users\\Administrator\\Desktop\\test\\协同办公\\我的工作\\test_我的审批.py:148: in navigate_to_approval\n    wait.until(EC.element_to_be_clickable((By.XPATH, '//div[@class=\"sidebar-container\"]//li//span[text()=\"我的工作\"]'))).click()\n    ^^^^^^^^^^^^^^^^^^^^^^^^^^^^^^^^^^^^^^^^^^^^^^^^^^^^^^^^^^^^^^^^^^^^^^^^^^^^^^^^^^^^^^^^^^^^^^^^^^^^^^^^^^^^^^^^\n_ _ _ _ _ _ _ _ _ _ _ _ _ _ _ _ _ _ _ _ _ _ _ _ _ _ _ _ _ _ _ _ _ _ _ _ _ _ _ _ _ _ _ _ _ _ _ _ _ _ _ _ _ _ _ _ _ _ _ _\n\nself = <selenium.webdriver.support.wait.WebDriverWait (session=\"91a9c1ed36e52f1d813ff36ef4a5d9b9\")>\nmethod = <function element_to_be_clickable.<locals>._predicate at 0x000001FDC7700A40>, message = ''\n\n    def until(self, method: Callable[[D], Union[Literal[False], T]], message: str = \"\") -> T:\n        \"\"\"Wait until the method returns a value that is not False.\n    \n        Calls the method provided with the driver as an argument until the\n        return value does not evaluate to ``False``.\n    \n        Parameters:\n        -----------\n        method: callable(WebDriver)\n            - A callable object that takes a WebDriver instance as an argument.\n    \n        message: str\n            - Optional message for :exc:`TimeoutException`\n    \n        Return:\n        -------\n        object: T\n            - The result of the last call to `method`\n    \n        Raises:\n        -------\n        TimeoutException\n            - If 'method' does not return a truthy value within the WebDriverWait\n            object's timeout\n    \n        Example:\n        --------\n        >>> from selenium.webdriver.common.by import By\n        >>> from selenium.webdriver.support.ui import WebDriverWait\n        >>> from selenium.webdriver.support import expected_conditions as EC\n    \n        # Wait until an element is visible on the page\n        >>> wait = WebDriverWait(driver, 10)\n        >>> element = wait.until(EC.visibility_of_element_located((By.ID, \"exampleId\")))\n        >>> print(element.text)\n        \"\"\"\n        screen = None\n        stacktrace = None\n    \n        end_time = time.monotonic() + self._timeout\n        while True:\n            try:\n                value = method(self._driver)\n                if value:\n                    return value\n            except self._ignored_exceptions as exc:\n                screen = getattr(exc, \"screen\", None)\n                stacktrace = getattr(exc, \"stacktrace\", None)\n            if time.monotonic() > end_time:\n                break\n            time.sleep(self._poll)\n>       raise TimeoutException(message, screen, stacktrace)\nE       selenium.common.exceptions.TimeoutException: Message:\n\nD:\\t\\.venv\\Lib\\site-packages\\selenium\\webdriver\\support\\wait.py:138: TimeoutException","flaky":false,"newFailed":false,"newBroken":false,"newPassed":false,"retriesCount":0,"retriesStatusChange":false,"beforeStages":[{"name":"driver","time":{"start":1753512428275,"stop":1753512430643,"duration":2368},"status":"passed","steps":[],"attachments":[],"parameters":[],"shouldDisplayMessage":false,"attachmentsCount":0,"hasContent":false,"attachmentStep":false,"stepsCount":0},{"name":"resolution","time":{"start":1753512428275,"stop":1753512428275,"duration":0},"status":"passed","steps":[],"attachments":[],"parameters":[],"shouldDisplayMessage":false,"attachmentsCount":0,"hasContent":false,"attachmentStep":false,"stepsCount":0},{"name":"login","time":{"start":1753512430644,"stop":1753512438862,"duration":8218},"status":"passed","steps":[],"attachments":[],"parameters":[],"shouldDisplayMessage":false,"attachmentsCount":0,"hasContent":false,"attachmentStep":false,"stepsCount":0},{"name":"navigate_to_approval","time":{"start":1753512438862,"stop":1753512459046,"duration":20184},"status":"broken","statusMessage":"selenium.common.exceptions.TimeoutException: Message: \n\n","statusTrace":"  File \"D:\\t\\.venv\\Lib\\site-packages\\pluggy\\_callers.py\", line 38, in run_old_style_hookwrapper\n    res = yield\n          ^^^^^\n  File \"D:\\t\\.venv\\Lib\\site-packages\\pluggy\\_callers.py\", line 139, in _multicall\n    teardown.throw(exception)\n    ~~~~~~~~~~~~~~^^^^^^^^^^^\n  File \"D:\\t\\.venv\\Lib\\site-packages\\_pytest\\setuponly.py\", line 36, in pytest_fixture_setup\n    return (yield)\n            ^^^^^\n  File \"D:\\t\\.venv\\Lib\\site-packages\\pluggy\\_callers.py\", line 121, in _multicall\n    res = hook_impl.function(*args)\n  File \"D:\\t\\.venv\\Lib\\site-packages\\_pytest\\fixtures.py\", line 1195, in pytest_fixture_setup\n    result = call_fixture_func(fixturefunc, request, kwargs)\n  File \"D:\\t\\.venv\\Lib\\site-packages\\_pytest\\fixtures.py\", line 929, in call_fixture_func\n    fixture_result = fixturefunc(**kwargs)\n  File \"C:\\Users\\Administrator\\Desktop\\test\\协同办公\\我的工作\\test_我的审批.py\", line 163, in navigate_to_approval\n    raise e\n  File \"C:\\Users\\Administrator\\Desktop\\test\\协同办公\\我的工作\\test_我的审批.py\", line 148, in navigate_to_approval\n    wait.until(EC.element_to_be_clickable((By.XPATH, '//div[@class=\"sidebar-container\"]//li//span[text()=\"我的工作\"]'))).click()\n    ~~~~~~~~~~^^^^^^^^^^^^^^^^^^^^^^^^^^^^^^^^^^^^^^^^^^^^^^^^^^^^^^^^^^^^^^^^^^^^^^^^^^^^^^^^^^^^^^^^^^^^^^^^^^^^^^^^^^\n  File \"D:\\t\\.venv\\Lib\\site-packages\\selenium\\webdriver\\support\\wait.py\", line 138, in until\n    raise TimeoutException(message, screen, stacktrace)\n","steps":[],"attachments":[],"parameters":[],"shouldDisplayMessage":true,"attachmentsCount":0,"hasContent":true,"attachmentStep":false,"stepsCount":0}],"afterStages":[{"name":"driver::0","time":{"start":1753512459261,"stop":1753512462042,"duration":2781},"status":"passed","steps":[],"attachments":[],"parameters":[],"shouldDisplayMessage":false,"attachmentsCount":0,"hasContent":false,"attachmentStep":false,"stepsCount":0}],"labels":[{"name":"feature","value":"我的工作"},{"name":"story","value":"我的审批"},{"name":"epic","value":"协同办公"},{"name":"parentSuite","value":"协同办公.我的工作"},{"name":"suite","value":"test_我的审批"},{"name":"host","value":"JH-KF10"},{"name":"thread","value":"19900-MainThread"},{"name":"framework","value":"pytest"},{"name":"language","value":"cpython3"},{"name":"package","value":"协同办公.我的工作.test_我的审批"},{"name":"resultFormat","value":"allure2"}],"parameters":[{"name":"driver","value":"'chrome'"},{"name":"resolution","value":"(1920, 1080)"}],"links":[],"hidden":false,"retry":false,"extra":{"severity":"normal","retries":[],"categories":[{"name":"Test defects","matchedStatuses":[]}],"tags":[]},"source":"a2291ba7085fd540.json","parameterValues":["'chrome'","(1920, 1080)"]}