{"uid":"f9c91c354a74e2b","name":"test_file_style[resolution0-chrome]","fullName":"协同办公.我的工作.test_我的提交#test_file_style","historyId":"b6b3872f87b67e67882d0e08257ca9ca","time":{"start":1753512462051,"stop":1753512462051,"duration":0},"description":"样式比较","descriptionHtml":"<p>样式比较</p>\n","status":"broken","statusMessage":"selenium.common.exceptions.TimeoutException: Message:","statusTrace":"driver = <selenium.webdriver.chrome.webdriver.WebDriver (session=\"531c376f1ea33efbbf3909d68e910389\")>, login = None\n\n    @pytest.fixture(scope=\"module\")\n    def navigate_to_submit(driver, login):\n        \"\"\"导航到我的提交页面\"\"\"\n        window_size = driver.get_window_size()\n        width, height = window_size[\"width\"], window_size[\"height\"]\n        wait = WebDriverWait(driver, 20)\n        try:\n            # 点击协同办公设置\n            wait.until(EC.element_to_be_clickable((By.XPATH, '//div[@class=\"menu-bar\"]/ul/li[text()=\" 协同办公 \"]'))).click()\n            if width == 1366:\n                # 点击扩展列表\n                wait.until(EC.element_to_be_clickable((By.XPATH,'//div[@class=\"menu-bar\"]/div[@class=\"flex flex-x-center flex-y-center fold-box\"]/i'))).click()\n            # 点击我的工作\n            wait.until(EC.element_to_be_clickable(\n                (By.XPATH, '//div[@class=\"sidebar-container\"]//li//span[text()=\"我的工作\"]'))).click()\n            # 点击我的提交\n            wait.until(EC.element_to_be_clickable(\n                (By.XPATH, '//div[@class=\"sidebar-container\"]//li/ul//span[text()=\"我的提交\"]'))).click()\n            # 验证页面加载\n            time.sleep(2)\n            title = wait.until(EC.presence_of_element_located(\n                (By.XPATH,'//section//div[@class=\"table-info-bar flex flex-x-sb flex-y-center\"]/div[@class=\"left flex flex-y-center\"]/span[@class=\"title\"]')))\n            if title.text!=\"我的提交\":\n                highlight_element(driver,title)\n                allure.attach(driver.get_screenshot_as_png(), name=\"导航失败截图\",attachment_type=allure.attachment_type.PNG)\n                reset_element(driver,title)\n            assert title.text == \"我的提交\"\n        except Exception as e:\n            # 截图并附加到 Allure 报告\n>           raise e\n\nC:\\Users\\Administrator\\Desktop\\test\\协同办公\\我的工作\\test_我的提交.py:163: \n_ _ _ _ _ _ _ _ _ _ _ _ _ _ _ _ _ _ _ _ _ _ _ _ _ _ _ _ _ _ _ _ _ _ _ _ _ _ _ _ _ _ _ _ _ _ _ _ _ _ _ _ _ _ _ _ _ _ _ _\nC:\\Users\\Administrator\\Desktop\\test\\协同办公\\我的工作\\test_我的提交.py:147: in navigate_to_submit\n    wait.until(EC.element_to_be_clickable(\n_ _ _ _ _ _ _ _ _ _ _ _ _ _ _ _ _ _ _ _ _ _ _ _ _ _ _ _ _ _ _ _ _ _ _ _ _ _ _ _ _ _ _ _ _ _ _ _ _ _ _ _ _ _ _ _ _ _ _ _\n\nself = <selenium.webdriver.support.wait.WebDriverWait (session=\"531c376f1ea33efbbf3909d68e910389\")>\nmethod = <function element_to_be_clickable.<locals>._predicate at 0x000001FDC77002C0>, message = ''\n\n    def until(self, method: Callable[[D], Union[Literal[False], T]], message: str = \"\") -> T:\n        \"\"\"Wait until the method returns a value that is not False.\n    \n        Calls the method provided with the driver as an argument until the\n        return value does not evaluate to ``False``.\n    \n        Parameters:\n        -----------\n        method: callable(WebDriver)\n            - A callable object that takes a WebDriver instance as an argument.\n    \n        message: str\n            - Optional message for :exc:`TimeoutException`\n    \n        Return:\n        -------\n        object: T\n            - The result of the last call to `method`\n    \n        Raises:\n        -------\n        TimeoutException\n            - If 'method' does not return a truthy value within the WebDriverWait\n            object's timeout\n    \n        Example:\n        --------\n        >>> from selenium.webdriver.common.by import By\n        >>> from selenium.webdriver.support.ui import WebDriverWait\n        >>> from selenium.webdriver.support import expected_conditions as EC\n    \n        # Wait until an element is visible on the page\n        >>> wait = WebDriverWait(driver, 10)\n        >>> element = wait.until(EC.visibility_of_element_located((By.ID, \"exampleId\")))\n        >>> print(element.text)\n        \"\"\"\n        screen = None\n        stacktrace = None\n    \n        end_time = time.monotonic() + self._timeout\n        while True:\n            try:\n                value = method(self._driver)\n                if value:\n                    return value\n            except self._ignored_exceptions as exc:\n                screen = getattr(exc, \"screen\", None)\n                stacktrace = getattr(exc, \"stacktrace\", None)\n            if time.monotonic() > end_time:\n                break\n            time.sleep(self._poll)\n>       raise TimeoutException(message, screen, stacktrace)\nE       selenium.common.exceptions.TimeoutException: Message:\n\nD:\\t\\.venv\\Lib\\site-packages\\selenium\\webdriver\\support\\wait.py:138: TimeoutException","flaky":false,"newFailed":false,"newBroken":false,"newPassed":false,"retriesCount":0,"retriesStatusChange":false,"beforeStages":[{"name":"resolution","time":{"start":1753512462057,"stop":1753512462057,"duration":0},"status":"passed","steps":[],"attachments":[],"parameters":[],"shouldDisplayMessage":false,"attachmentsCount":0,"hasContent":false,"attachmentStep":false,"stepsCount":0},{"name":"driver","time":{"start":1753512462057,"stop":1753512464480,"duration":2423},"status":"passed","steps":[],"attachments":[],"parameters":[],"shouldDisplayMessage":false,"attachmentsCount":0,"hasContent":false,"attachmentStep":false,"stepsCount":0},{"name":"login","time":{"start":1753512464480,"stop":1753512472771,"duration":8291},"status":"passed","steps":[],"attachments":[],"parameters":[],"shouldDisplayMessage":false,"attachmentsCount":0,"hasContent":false,"attachmentStep":false,"stepsCount":0},{"name":"navigate_to_submit","time":{"start":1753512472771,"stop":1753512492880,"duration":20109},"status":"broken","statusMessage":"selenium.common.exceptions.TimeoutException: Message: \n\n","statusTrace":"  File \"D:\\t\\.venv\\Lib\\site-packages\\pluggy\\_callers.py\", line 38, in run_old_style_hookwrapper\n    res = yield\n          ^^^^^\n  File \"D:\\t\\.venv\\Lib\\site-packages\\pluggy\\_callers.py\", line 139, in _multicall\n    teardown.throw(exception)\n    ~~~~~~~~~~~~~~^^^^^^^^^^^\n  File \"D:\\t\\.venv\\Lib\\site-packages\\_pytest\\setuponly.py\", line 36, in pytest_fixture_setup\n    return (yield)\n            ^^^^^\n  File \"D:\\t\\.venv\\Lib\\site-packages\\pluggy\\_callers.py\", line 121, in _multicall\n    res = hook_impl.function(*args)\n  File \"D:\\t\\.venv\\Lib\\site-packages\\_pytest\\fixtures.py\", line 1195, in pytest_fixture_setup\n    result = call_fixture_func(fixturefunc, request, kwargs)\n  File \"D:\\t\\.venv\\Lib\\site-packages\\_pytest\\fixtures.py\", line 929, in call_fixture_func\n    fixture_result = fixturefunc(**kwargs)\n  File \"C:\\Users\\Administrator\\Desktop\\test\\协同办公\\我的工作\\test_我的提交.py\", line 163, in navigate_to_submit\n    raise e\n  File \"C:\\Users\\Administrator\\Desktop\\test\\协同办公\\我的工作\\test_我的提交.py\", line 147, in navigate_to_submit\n    wait.until(EC.element_to_be_clickable(\n    ~~~~~~~~~~^^^^^^^^^^^^^^^^^^^^^^^^^^^^\n        (By.XPATH, '//div[@class=\"sidebar-container\"]//li//span[text()=\"我的工作\"]'))).click()\n        ^^^^^^^^^^^^^^^^^^^^^^^^^^^^^^^^^^^^^^^^^^^^^^^^^^^^^^^^^^^^^^^^^^^^^^^^^^^^^^\n  File \"D:\\t\\.venv\\Lib\\site-packages\\selenium\\webdriver\\support\\wait.py\", line 138, in until\n    raise TimeoutException(message, screen, stacktrace)\n","steps":[],"attachments":[],"parameters":[],"shouldDisplayMessage":true,"attachmentsCount":0,"hasContent":true,"attachmentStep":false,"stepsCount":0}],"afterStages":[{"name":"driver::0","time":{"start":1753512493079,"stop":1753512495866,"duration":2787},"status":"passed","steps":[],"attachments":[],"parameters":[],"shouldDisplayMessage":false,"attachmentsCount":0,"hasContent":false,"attachmentStep":false,"stepsCount":0}],"labels":[{"name":"story","value":"我的提交"},{"name":"feature","value":"我的工作"},{"name":"epic","value":"协同办公"},{"name":"parentSuite","value":"协同办公.我的工作"},{"name":"suite","value":"test_我的提交"},{"name":"host","value":"JH-KF10"},{"name":"thread","value":"19900-MainThread"},{"name":"framework","value":"pytest"},{"name":"language","value":"cpython3"},{"name":"package","value":"协同办公.我的工作.test_我的提交"},{"name":"resultFormat","value":"allure2"}],"parameters":[{"name":"driver","value":"'chrome'"},{"name":"resolution","value":"(1920, 1080)"}],"links":[],"hidden":false,"retry":false,"extra":{"severity":"normal","retries":[],"categories":[{"name":"Test defects","matchedStatuses":[]}],"tags":[]},"source":"f9c91c354a74e2b.json","parameterValues":["'chrome'","(1920, 1080)"]}