{"name": "test_add[resolution0-chrome]", "status": "broken", "statusDetails": {"message": "selenium.common.exceptions.TimeoutException: Message: \nStacktrace:\n\tGetHandleVerifier [0x0x7ff7e301fea5+79173]\n\tGetHandleVerifier [0x0x7ff7e301ff00+79264]\n\t(No symbol) [0x0x7ff7e2dd9e5a]\n\t(No symbol) [0x0x7ff7e2e30586]\n\t(No symbol) [0x0x7ff7e2e3083c]\n\t(No symbol) [0x0x7ff7e2e84247]\n\t(No symbol) [0x0x7ff7e2e589af]\n\t(No symbol) [0x0x7ff7e2e8100d]\n\t(No symbol) [0x0x7ff7e2e58743]\n\t(No symbol) [0x0x7ff7e2e214c1]\n\t(No symbol) [0x0x7ff7e2e22253]\n\tGetHandleVerifier [0x0x7ff7e32ea2dd+3004797]\n\tGetHandleVerifier [0x0x7ff7e32e472d+2981325]\n\tGetHandleVerifier [0x0x7ff7e3303380+3107360]\n\tGetHandleVerifier [0x0x7ff7e303aa2e+188622]\n\tGetHandleVerifier [0x0x7ff7e30422bf+219487]\n\tGetHandleVerifier [0x0x7ff7e3028df4+115860]\n\tGetHandleVerifier [0x0x7ff7e3028fa9+116297]\n\tGetHandleVerifier [0x0x7ff7e300f558+11256]\n\tBaseThreadInitThunk [0x0x7ffab4797374+20]\n\tRtlUserThreadStart [0x0x7ffab63dcc91+33]", "trace": "driver = <selenium.webdriver.chrome.webdriver.WebDriver (session=\"d4745f905f36e1d392070e867581176c\")>\nnavigate_to_option_classification_config = None\n\n    @pytest.mark.parametrize(\"driver\",['chrome'],indirect=True)\n    @allure.epic(\"系统管理设置\")\n    @allure.feature(\"选项表单管理\")\n    @allure.story(\"选项分类配置\")\n    @allure.description(\"新增配置\")\n    def test_add(driver,navigate_to_option_classification_config):\n        wait = WebDriverWait(driver, 20)\n        time.sleep(3)\n        try:\n            #点击公共分类页面\n            wait.until(EC.element_to_be_clickable((By.XPATH, '//div[@class=\"el-card__body\"]//span[text()=\"公共分类页面\"]'))).click()\n            #点击宿舍房型\n            wait.until(EC.element_to_be_clickable((By.XPATH, '//div[@class=\"el-card__body\"]//span[text()=\"宿舍房型\"]'))).click()\n            #点击新增按钮\n            add=wait.until(EC.element_to_be_clickable((By.XPATH, '//div[@class=\"left flex flex-y-center\"]//button[span[text()=\"新增\"]]')))\n            driver.execute_script(\"arguments[0].click();\", add)\n            #输入选项名称\n            wait.until(EC.element_to_be_clickable(\n                (By.XPATH, '//div[@class=\"el-dialog__body\"]/form/div[label[@for=\"opt_name\"]]//input'))).send_keys(\"test\")\n            #点击保存按钮\n            wait.until(EC.element_to_be_clickable(\n                (By.XPATH, '//div[@aria-label=\"新增配置\"]//div[@class=\"el-dialog__footer\"]//button[span[text()=\"保存\"]]'))).click()\n            time.sleep(1)\n            #查询\n            text=wait.until(EC.element_to_be_clickable(\n                (By.XPATH, '//p[@class=\"el-message__content\"]')))\n            if text.text != \"新增成功\":\n                highlight_element(driver, text)\n                allure.attach(driver.get_screenshot_as_png(), name=\"新增配置失败截图\",\n                              attachment_type=allure.attachment_type.PNG)\n                reset_element(driver, text)\n            assert text.text == \"新增成功\"\n        except Exception as e:\n>           raise e\n\nC:\\Users\\Administrator\\Desktop\\test\\系统设置\\系统管理设置\\选项表单管理\\test_选项分类配置.py:204: \n_ _ _ _ _ _ _ _ _ _ _ _ _ _ _ _ _ _ _ _ _ _ _ _ _ _ _ _ _ _ _ _ _ _ _ _ _ _ _ _ _ _ _ _ _ _ _ _ _ _ _ _ _ _ _ _ _ _ _ _\nC:\\Users\\Administrator\\Desktop\\test\\系统设置\\系统管理设置\\选项表单管理\\test_选项分类配置.py:181: in test_add\n    wait.until(EC.element_to_be_clickable((By.XPATH, '//div[@class=\"el-card__body\"]//span[text()=\"公共分类页面\"]'))).click()\n    ^^^^^^^^^^^^^^^^^^^^^^^^^^^^^^^^^^^^^^^^^^^^^^^^^^^^^^^^^^^^^^^^^^^^^^^^^^^^^^^^^^^^^^^^^^^^^^^^^^^^^^^^^^\n_ _ _ _ _ _ _ _ _ _ _ _ _ _ _ _ _ _ _ _ _ _ _ _ _ _ _ _ _ _ _ _ _ _ _ _ _ _ _ _ _ _ _ _ _ _ _ _ _ _ _ _ _ _ _ _ _ _ _ _\n\nself = <selenium.webdriver.support.wait.WebDriverWait (session=\"d4745f905f36e1d392070e867581176c\")>\nmethod = <function element_to_be_clickable.<locals>._predicate at 0x000001FDC8005B20>, message = ''\n\n    def until(self, method: Callable[[D], Union[Literal[False], T]], message: str = \"\") -> T:\n        \"\"\"Wait until the method returns a value that is not False.\n    \n        Calls the method provided with the driver as an argument until the\n        return value does not evaluate to ``False``.\n    \n        Parameters:\n        -----------\n        method: callable(WebDriver)\n            - A callable object that takes a WebDriver instance as an argument.\n    \n        message: str\n            - Optional message for :exc:`TimeoutException`\n    \n        Return:\n        -------\n        object: T\n            - The result of the last call to `method`\n    \n        Raises:\n        -------\n        TimeoutException\n            - If 'method' does not return a truthy value within the WebDriverWait\n            object's timeout\n    \n        Example:\n        --------\n        >>> from selenium.webdriver.common.by import By\n        >>> from selenium.webdriver.support.ui import WebDriverWait\n        >>> from selenium.webdriver.support import expected_conditions as EC\n    \n        # Wait until an element is visible on the page\n        >>> wait = WebDriverWait(driver, 10)\n        >>> element = wait.until(EC.visibility_of_element_located((By.ID, \"exampleId\")))\n        >>> print(element.text)\n        \"\"\"\n        screen = None\n        stacktrace = None\n    \n        end_time = time.monotonic() + self._timeout\n        while True:\n            try:\n                value = method(self._driver)\n                if value:\n                    return value\n            except self._ignored_exceptions as exc:\n                screen = getattr(exc, \"screen\", None)\n                stacktrace = getattr(exc, \"stacktrace\", None)\n            if time.monotonic() > end_time:\n                break\n            time.sleep(self._poll)\n>       raise TimeoutException(message, screen, stacktrace)\nE       selenium.common.exceptions.TimeoutException: Message: \nE       Stacktrace:\nE       \tGetHandleVerifier [0x0x7ff7e301fea5+79173]\nE       \tGetHandleVerifier [0x0x7ff7e301ff00+79264]\nE       \t(No symbol) [0x0x7ff7e2dd9e5a]\nE       \t(No symbol) [0x0x7ff7e2e30586]\nE       \t(No symbol) [0x0x7ff7e2e3083c]\nE       \t(No symbol) [0x0x7ff7e2e84247]\nE       \t(No symbol) [0x0x7ff7e2e589af]\nE       \t(No symbol) [0x0x7ff7e2e8100d]\nE       \t(No symbol) [0x0x7ff7e2e58743]\nE       \t(No symbol) [0x0x7ff7e2e214c1]\nE       \t(No symbol) [0x0x7ff7e2e22253]\nE       \tGetHandleVerifier [0x0x7ff7e32ea2dd+3004797]\nE       \tGetHandleVerifier [0x0x7ff7e32e472d+2981325]\nE       \tGetHandleVerifier [0x0x7ff7e3303380+3107360]\nE       \tGetHandleVerifier [0x0x7ff7e303aa2e+188622]\nE       \tGetHandleVerifier [0x0x7ff7e30422bf+219487]\nE       \tGetHandleVerifier [0x0x7ff7e3028df4+115860]\nE       \tGetHandleVerifier [0x0x7ff7e3028fa9+116297]\nE       \tGetHandleVerifier [0x0x7ff7e300f558+11256]\nE       \tBaseThreadInitThunk [0x0x7ffab4797374+20]\nE       \tRtlUserThreadStart [0x0x7ffab63dcc91+33]\n\nD:\\t\\.venv\\Lib\\site-packages\\selenium\\webdriver\\support\\wait.py:138: TimeoutException"}, "description": "新增配置", "parameters": [{"name": "resolution", "value": "(1920, 1080)"}, {"name": "driver", "value": "'chrome'"}], "start": 1753514399348, "stop": 1753514422558, "uuid": "ecfc1ec1-cbcc-43d5-a013-84a8241a0096", "historyId": "39aefd4a855aeb14399df79610c507a6", "testCaseId": "c3a41d625ca2972dc8e6b9a304e29aba", "fullName": "系统设置.系统管理设置.选项表单管理.test_选项分类配置#test_add", "labels": [{"name": "feature", "value": "选项表单管理"}, {"name": "story", "value": "选项分类配置"}, {"name": "epic", "value": "系统管理设置"}, {"name": "parentSuite", "value": "系统设置.系统管理设置.选项表单管理"}, {"name": "suite", "value": "test_选项分类配置"}, {"name": "host", "value": "JH-KF10"}, {"name": "thread", "value": "19900-MainThread"}, {"name": "framework", "value": "pytest"}, {"name": "language", "value": "cpython3"}, {"name": "package", "value": "系统设置.系统管理设置.选项表单管理.test_选项分类配置"}]}